<?xml version="1.0" encoding="UTF-8"?>
<!-- Generated by org.testng.reporters.JUnitReportReporter -->
<testsuite hostname="SYNPYBRLBY6Y463" failures="0" tests="1" name="Synechron.SeleniumTestng.ReadExcelEx" time="8.651" errors="0" timestamp="2024-12-06T10:57:01 IST" skipped="0">
  <testcase classname="Synechron.SeleniumTestng.ReadExcelEx" name="login" time="8.651"/>
  <system-out/>
</testsuite> <!-- Synechron.SeleniumTestng.ReadExcelEx -->
