<?xml version="1.0" encoding="UTF-8"?>
<!-- Generated by org.testng.reporters.JUnitReportReporter -->
<testsuite hostname="SYNPYBRLBY6Y463" failures="0" tests="1" name="Synechron.SeleniumTestng.ParametersEX" time="6.753" errors="0" timestamp="2024-12-05T12:46:41 IST" skipped="0">
  <testcase classname="Synechron.SeleniumTestng.ParametersEX" name="launchbrowser" time="6.753"/>
  <system-out/>
</testsuite> <!-- Synechron.SeleniumTestng.ParametersEX -->
