<?xml version="1.0" encoding="UTF-8"?>
<!-- Generated by org.testng.reporters.JUnitReportReporter -->
<testsuite hostname="SYNPYBRLBY6Y463" failures="0" tests="2" name="Synechron.SeleniumTestng.Dependentmethods" time="0.014" errors="0" timestamp="2024-12-05T12:33:50 IST" skipped="0">
  <testcase classname="Synechron.SeleniumTestng.Dependentmethods" name="login" time="0.013"/>
  <system-out/>
  <testcase classname="Synechron.SeleniumTestng.Dependentmethods" name="addtocart" time="0.001"/>
  <system-out/>
</testsuite> <!-- Synechron.SeleniumTestng.Dependentmethods -->
