<?xml version="1.0" encoding="UTF-8"?>
<!-- Generated by org.testng.reporters.JUnitReportReporter -->
<testsuite hostname="SYNPYBRLBY6Y463" failures="0" tests="1" name="Synechron.SeleniumTestng.Prioritysetting" time="0.002" errors="0" timestamp="2024-12-05T12:13:07 IST" skipped="0">
  <testcase classname="Synechron.SeleniumTestng.Prioritysetting" name="productselected" time="0.002"/>
  <system-out/>
</testsuite> <!-- Synechron.SeleniumTestng.Prioritysetting -->
