<?xml version="1.0" encoding="UTF-8"?>
<!-- Generated by org.testng.reporters.JUnitReportReporter -->
<testsuite hostname="SYNPYBRLBY6Y463" failures="0" tests="1" name="Synechron.SeleniumTestng.AutoSuggestionEx" time="9.023" errors="0" timestamp="2024-12-06T11:26:36 IST" skipped="0">
  <testcase classname="Synechron.SeleniumTestng.AutoSuggestionEx" name="autosugg" time="9.023"/>
  <system-out/>
</testsuite> <!-- Synechron.SeleniumTestng.AutoSuggestionEx -->
