<?xml version="1.0" encoding="UTF-8"?>
<!-- Generated by org.testng.reporters.JUnitReportReporter -->
<testsuite hostname="SYNPYBRLBY6Y463" failures="0" tests="1" name="Synechron.SeleniumTestng.Test1" time="6.999" errors="0" timestamp="2024-12-06T10:54:12 IST" skipped="0">
  <testcase classname="Synechron.SeleniumTestng.Test1" name="launchbrowser" time="6.999"/>
  <system-out/>
</testsuite> <!-- Synechron.SeleniumTestng.Test1 -->
