<?xml version="1.0" encoding="UTF-8"?>
<!-- Generated by org.testng.reporters.JUnitReportReporter -->
<testsuite hostname="SYNPYBRLBY6Y463" failures="0" tests="1" name="Synechron.SeleniumTestng.TestCase4" time="8.717" errors="0" timestamp="2024-12-05T12:06:57 IST" skipped="0">
  <testcase classname="Synechron.SeleniumTestng.TestCase4" name="endToEnd" time="8.717"/>
  <system-out/>
</testsuite> <!-- Synechron.SeleniumTestng.TestCase4 -->
