<?xml version="1.0" encoding="UTF-8"?>
<!-- Generated by org.testng.reporters.JUnitReportReporter -->
<testsuite hostname="SYNPYBRLBY6Y463" failures="0" tests="3" name="Synechron.SeleniumTestng.AnnotationEx1" time="0.019" errors="0" timestamp="2024-12-05T13:25:05 IST" skipped="0">
  <testcase classname="Synechron.SeleniumTestng.AnnotationEx1" name="Testcase2" time="0.002"/>
  <system-out/>
  <testcase classname="Synechron.SeleniumTestng.AnnotationEx1" name="Testcase1" time="0.016"/>
  <system-out/>
  <testcase classname="Synechron.SeleniumTestng.AnnotationEx1" name="Testcase3" time="0.001"/>
  <system-out/>
</testsuite> <!-- Synechron.SeleniumTestng.AnnotationEx1 -->
