<?xml version="1.0" encoding="UTF-8"?>
<!-- Generated by org.testng.reporters.JUnitReportReporter -->
<testsuite hostname="SYNPYBRLBY6Y463" failures="0" tests="2" name="Synechron.SeleniumTestng.ParallelExecution" time="16.023" errors="0" timestamp="2024-12-05T12:35:08 IST" skipped="0">
  <testcase classname="Synechron.SeleniumTestng.ParallelExecution" name="parallel2" time="8.133"/>
  <system-out/>
  <testcase classname="Synechron.SeleniumTestng.ParallelExecution" name="parallel" time="7.890"/>
  <system-out/>
</testsuite> <!-- Synechron.SeleniumTestng.ParallelExecution -->
